<?xml version="1.0" encoding="UTF-8"?>
<!-- Generated by org.testng.reporters.JUnitXMLReporter -->
<testsuite ignored="0" hostname="Diptalok_Sahoo" failures="1" tests="1" name="Test" time="16.938" errors="0" timestamp="2024-03-24T12:46:44 IST">
  <testcase classname="TestScript.TroubleTicketModule" name="TroubleTicketModuleTest" time="0.025">
    <failure type="java.lang.AssertionError" message="null">
      <![CDATA[java.lang.AssertionError: null
at TestScript.TroubleTicketModule.TroubleTicketModuleTest(TroubleTicketModule.java:17)
at java.base/java.util.ArrayList.forEach(ArrayList.java:1511)
... Removed 29 stack frames]]>
    </failure>
  </testcase> <!-- TroubleTicketModuleTest -->
</testsuite> <!-- Test -->
